<?xml version="1.0" encoding="UTF-8"?>
<!-- Generated by org.testng.reporters.JUnitReportReporter -->
<testsuite hostname="DESKTOP-EIN1GKN" failures="0" tests="4" name="Reqres.HttpRequests" time="6.647" errors="0" timestamp="2023-01-05T21:49:15 IST" skipped="0">
  <testcase classname="Reqres.HttpRequests" name="getAllUsers" time="4.394"/>
  <system-out/>
  <testcase classname="Reqres.HttpRequests" name="createUser" time="1.002"/>
  <system-out/>
  <testcase classname="Reqres.HttpRequests" name="updateUser" time="0.524"/>
  <system-out/>
  <testcase classname="Reqres.HttpRequests" name="deleteUser" time="0.727"/>
  <system-out/>
</testsuite> <!-- Reqres.HttpRequests -->
