<?xml version="1.0" encoding="UTF-8"?>
<!-- Generated by org.testng.reporters.JUnitReportReporter -->
<testsuite hostname="DESKTOP-EIN1GKN" failures="0" tests="4" name="Reqres.Practise" time="5.666" errors="0" timestamp="2023-01-05T22:00:50 IST" skipped="0">
  <testcase classname="Reqres.Practise" name="getUsers" time="0.154"/>
  <system-out/>
  <testcase classname="Reqres.Practise" name="deleteUser" time="0.490"/>
  <system-out/>
  <testcase classname="Reqres.Practise" name="createUser" time="4.316"/>
  <system-out/>
  <testcase classname="Reqres.Practise" name="updateUser" time="0.706"/>
  <system-out/>
</testsuite> <!-- Reqres.Practise -->
